
Usuario Bansan_ (27518432)
[SKIP USER] ultima caceria 134072226 ya importada

Usuario bobda (17201848)
[SKIP USER] ultima caceria 133423204 ya importada

Usuario chory_gn (25587846)
[SKIP USER] ultima caceria 133852487 ya importada

Usuario chorypa (17140943)
[SKIP USER] ultima caceria 134071330 ya importada

Usuario elmiedoso31 (30251863)
[SKIP USER] ultima caceria 134074440 ya importada

Usuario EmiGarcia (21197175)
[SKIP USER] ultima caceria 134065187 ya importada

Usuario Gerobrug (29815431)
[SKIP USER] ultima caceria 133952521 ya importada

Usuario hugohunter15 (25445130)
[OK] 133320927
[OK] 133319566
[OK] 133318052
[OK] 133306850
[OK] 133294123
[OK] 133294109
[OK] 133294092
[OK] 133294083
[OK] 133292670
[OK] 132488163
[OK] 132254027
[OK] 132007394
[OK] 132007125
[OK] 132006679
[OK] 131851484
[OK] 131850783
[OK] 131826950
[OK] 131826900
[OK] 131826008
[OK] 131805663
[OK] 131119158
[OK] 131116232
[OK] 131115750
[OK] 131115701
[OK] 131115524
[OK] 131107870
[OK] 131107521
[OK] 131107161
[OK] 131106796
[OK] 131106397
[OK] 131099084
[OK] 131098961
[OK] 131098866
[OK] 131098775
[OK] 131098642
[OK] 131097627
[OK] 131096800
[OK] 131087392
[OK] 130797682
[OK] 130761761
[OK] 130738026
[OK] 130737925
[OK] 130737788
[OK] 130700713
[OK] 130700668
[OK] 130700428
[OK] 130700267
[OK] 130699966
[OK] 130699960
[OK] 130699904
[OK] 130699775
[OK] 130699534
[OK] 130699183
[OK] 130661621
[OK] 130660997
[OK] 130660726
[OK] 130659914
[OK] 130659885
[OK] 130646256
[OK] 130645880
[OK] 130627242
[OK] 130614609
[OK] 130614015
[OK] 130611278
[OK] 130610796
[OK] 130610725
[OK] 130610721
[OK] 130610631
[OK] 130610290
[OK] 130610009
[OK] 130605530
[OK] 130605057
[OK] 130604852
[OK] 130604697
[OK] 130604335
[OK] 130603546
[OK] 130602020
[OK] 130601298
[OK] 130601130
[OK] 130600963
[OK] 130599943
[OK] 130599896
[OK] 130586376
[OK] 130586196
[OK] 130586163
[OK] 130586102
[OK] 130585998
[OK] 130585945
[OK] 130585837
[OK] 130585761
[OK] 130585683
[OK] 130585595
[OK] 130585260
[OK] 130585122
[OK] 130584947
[OK] 130584753
[OK] 130268858
[OK] 130257877
[OK] 130257872
[OK] 130043044
[OK] 130034365
[OK] 130022949
[OK] 129968483
[OK] 129956020
[OK] 129955725
[OK] 129945491
[OK] 129945484
[OK] 129945279
[OK] 129937016
[OK] 129936727
[OK] 129936162
[OK] 129722792
[OK] 129686690
[OK] 129663211
[OK] 129654429
[OK] 129635530
[OK] 129621883
[OK] 129621759
[OK] 129607456
[OK] 129389897
[OK] 129389683
[OK] 129377594
[OK] 129377229
[OK] 129373007
[OK] 129372683
[OK] 129371068
[OK] 129327722
[OK] 129274245
[OK] 129242687
[OK] 129240985
[OK] 129240369
[OK] 129237837
[OK] 129234316
[OK] 129232726
[OK] 129210510
[OK] 129197216
[OK] 129196665
[OK] 129180455
[OK] 129163772
[OK] 129117767
[OK] 129117641
[OK] 129117314
[OK] 129117168
[OK] 129117054
[OK] 129115748
[OK] 129115618
[OK] 129115369
[OK] 129115050
[OK] 129114913
[OK] 129114652
[OK] 129114455
[OK] 129113913
[OK] 129113697
[OK] 129113505
[OK] 129081676
[OK] 129079588
[OK] 129070250
[OK] 129070029
[OK] 129069846
[OK] 129069727
[OK] 129068174
[OK] 129058532
[OK] 129058161
[OK] 129055738
[OK] 129054801
[OK] 129054172
[OK] 129049174
[OK] 129042973
[OK] 129042558
[OK] 129042404
[OK] 129042224
[OK] 129041909
[OK] 129040219
[OK] 129040212
[OK] 129038726
[OK] 129038130
[OK] 129037664
[OK] 129033245
[OK] 129013557
[OK] 129011780
[OK] 128989173
[OK] 128974990
[OK] 128974923
[OK] 128974833
[OK] 128974634
[OK] 128974370
[OK] 128964079
[OK] 128947532
[OK] 128947266
[OK] 128946024
[OK] 128945589
[OK] 128873606
[OK] 128873258
[OK] 128872425
[OK] 128872132
[OK] 128806458
[OK] 128804975
[OK] 128802762
[OK] 128793340
[OK] 128789858
[OK] 128788411
[OK] 128788387
[OK] 128779044
[OK] 128778507
[OK] 128777441
[OK] 128776595
[OK] 128772897
[OK] 128761320
[OK] 128760461
[OK] 128760352
[OK] 128760308
[OK] 128760246
[OK] 128759346
[OK] 128756241
[OK] 128742717
[OK] 128693457
[OK] 128693070
[OK] 128687951
[OK] 128679709
[OK] 128671161
[OK] 128668142
[OK] 128667605
[OK] 128666989
[OK] 128657007
[OK] 128656289
[OK] 128655984
[OK] 128653499
[OK] 128650872
[OK] 128639033
[OK] 128626104
[OK] 128571203
[OK] 128570320
[OK] 128567726
[OK] 128566022
[OK] 128565289
[OK] 128565272
[OK] 128565260
[OK] 128559228
[OK] 128558989
[OK] 128535286
[OK] 128521432
[OK] 128521058
[OK] 128520572
[OK] 128499239
[OK] 128488871
[OK] 128488258
[OK] 128419990
[OK] 128377384
[OK] 128367323
[OK] 128337742
[OK] 128337623
[OK] 128335286
[OK] 128326105
[OK] 128320398
[OK] 128310288
[OK] 128302734
[OK] 128294904
[OK] 128289929
[OK] 128289880
[OK] 128289834
[OK] 128289726
[OK] 128289670
[OK] 128289546
[OK] 128289447
[OK] 128287002
[OK] 128286751
[OK] 128286472
[OK] 128285440
[OK] 128284674
[OK] 128269034
[OK] 128254666
[OK] 128254281
[OK] 128253940
[OK] 128253683
[OK] 128231501
[OK] 128230777
[OK] 128222832
[OK] 128217862
[OK] 128217039
[OK] 128208457
[OK] 128207779
[OK] 128206350
[OK] 128201026
[OK] 128182829
[OK] 128181643
[OK] 128165320
[OK] 128164622
[OK] 128163508
[OK] 128158576
[OK] 128152626
[OK] 128152411
[OK] 128141157
[OK] 128140572
[OK] 128139998
[OK] 128138047
[OK] 128126879
[OK] 128125922
[OK] 128005686
[OK] 128004443
[OK] 128004400
[OK] 128002807
[OK] 128002663
[OK] 128002110
[OK] 128001774
[OK] 128001390
[OK] 127815787
[OK] 127810719
[OK] 127805167
[OK] 127770513
[OK] 127768012
[OK] 127690486
[OK] 127678058
[OK] 127654287
[OK] 127632440
[OK] 127610761
[OK] 127591819
[OK] 127584889
[OK] 127577245
[OK] 127565007
[OK] 127564804
[OK] 127558873
[OK] 127558470
[OK] 127462775
[OK] 127462415
[OK] 127453647
[OK] 127452994
[OK] 127322760
[OK] 127322701
[OK] 127322668
[OK] 127322574
[OK] 127322442
[OK] 127307672
[OK] 127307001
[OK] 127304293
[OK] 127286752
[OK] 127269563
[OK] 127268068
[OK] 127235632
[OK] 127218829
[OK] 127208235
[OK] 127208226
[OK] 127185474
[OK] 127073726
[OK] 127073492
[OK] 127069265
[OK] 127069242
[OK] 127068800
[OK] 127068702
[OK] 127062311
[OK] 127042785
[OK] 127042544
[OK] 127042456
[OK] 127034481
[OK] 127025146
[OK] 127024835
[OK] 127024714
[OK] 127024352
[OK] 127024272
[OK] 127017523
[OK] 127017416
[OK] 126991414
[OK] 126991081
[OK] 126986621
[OK] 126972857
[OK] 126972266
[OK] 126969936
[OK] 126968137
[OK] 126946255
[OK] 126946210
[OK] 126946071
[OK] 126945876
[OK] 126922948
[OK] 126922816
[OK] 126893338
[OK] 126854842
[OK] 126854337
[OK] 126853431
[OK] 126736297
[OK] 126736027
[OK] 126734877
[OK] 126655885
[OK] 126480708
[OK] 126480699
[OK] 126480664
[OK] 126337580
[OK] 126333149
[OK] 126323201
[OK] 126278787
[OK] 126278702
[OK] 126274588
[OK] 126249536
[OK] 126181893
[OK] 126069592
[OK] 126069107
[OK] 126054283
[OK] 126054145
[OK] 125966776
[OK] 125653893
[OK] 125648355
[OK] 125647811
[OK] 125629493
[OK] 125603802
[OK] 125593523
[OK] 125593450
[OK] 125593088
[OK] 125585486
[OK] 125580991
[OK] 125580980
[OK] 125580971
[OK] 125580716
[OK] 125580714
[OK] 125580374
[OK] 125579923
[OK] 125577066
[OK] 125567334
[OK] 125566783
[OK] 125563212
[OK] 125562924
[OK] 125562647
[OK] 125538638
[OK] 125537759
[OK] 125537258
[OK] 125536162
[OK] 125535959
[OK] 125534404
[OK] 125514776
[OK] 125507537
[OK] 125495273
[OK] 125494864
[OK] 125494484
[OK] 125494318
[OK] 125493252
[OK] 125466632
[OK] 125451133
[OK] 125147596
[OK] 125132609
[OK] 125085639
[OK] 124997796
[OK] 124978189
[OK] 124978001
[OK] 124965886
[OK] 124965692
[OK] 124965497
[OK] 124965372
[OK] 124965234
[OK] 124965229
[OK] 124965053
[OK] 124938914
[OK] 124938475
[OK] 124918471
[OK] 124918436
[OK] 124917694
[OK] 124917584
[OK] 124917089
[OK] 124912363
[OK] 124912071
[OK] 124907353
[OK] 124906979
[OK] 124906451
[OK] 124905742
[OK] 124903889
[OK] 124903865
[OK] 124903844
[OK] 124897721
[OK] 124896599
[OK] 124895881
[OK] 124887573
[OK] 124887275
[OK] 124886639
[OK] 124886467
[OK] 124885568
[OK] 124885208
[OK] 124884305
[OK] 124882521
[OK] 124882266
[OK] 124881906
[OK] 124881596
[OK] 124880605
[OK] 124872710
[OK] 124864647
[OK] 124864314
[OK] 124864173
[OK] 124863955
[OK] 124820272
[OK] 124820158
[OK] 124819731
[OK] 124815208
[OK] 124815078
[OK] 124815066
[OK] 124811491
[OK] 124810651
[OK] 124803989
[OK] 124803270
[OK] 124799285
[OK] 124792082
[OK] 124791655
[OK] 124729975
[OK] 124729726
[OK] 124674951
[OK] 124671192
[OK] 124670849
[OK] 124670470
[OK] 124670160
[OK] 124657408
[OK] 124657204
[OK] 124657069
[OK] 124656884
[OK] 124656358
[OK] 124656341
[OK] 124656316
[OK] 124656314
[OK] 124637150
[OK] 124611813
[OK] 124611785
[OK] 124588374
[OK] 124587843
[OK] 124570059
[OK] 124569923
[OK] 124569791
[OK] 124569672
[OK] 124569652
[OK] 124569508
[OK] 124568364
[OK] 124568289
[OK] 124558294
[OK] 124556926
[OK] 124550575
[OK] 124545037
[OK] 124543275
[OK] 124540969
[OK] 124540648
[OK] 124539933
[OK] 124539587
[OK] 124534577
[OK] 124527656
[OK] 124523049
[OK] 124512753
[OK] 124511953
[OK] 124505386
[OK] 124505058
[OK] 124492665
[OK] 124488469
[OK] 124488087
[OK] 124486477
[OK] 124485926
[OK] 124480865
[OK] 124473061
[OK] 124467657
[OK] 124462086
[OK] 124458140
[OK] 124457920
[OK] 124457421
[OK] 124452583
[OK] 124447757
[OK] 124440188
[OK] 124436780
[OK] 124436647
[OK] 124436384
[OK] 124436225
[OK] 124436143
[OK] 124436047
[OK] 124435930
[OK] 124433919
[OK] 124433739
[OK] 124433551
[OK] 124433405
[OK] 124433207
[OK] 124433101
[OK] 124425053
[OK] 124424882
[OK] 124424714
[OK] 124418814
[OK] 124418120
[OK] 124418031
[OK] 124417768
[OK] 124417555
[OK] 124417304
[OK] 124413915
[OK] 124413709
[OK] 124412219
[OK] 124410180
[OK] 124409915
[OK] 124409746
[OK] 124406886
[OK] 124406400
[OK] 124405932
[OK] 124402933
[OK] 124402269
[OK] 124402030
[OK] 124400013
[OK] 124395516
[OK] 124395317
[OK] 124391217
[OK] 124390710
[OK] 124387297
[OK] 124386190
[OK] 124381648
[OK] 124376104
[OK] 124373560
[OK] 124373512
[OK] 124372408
[OK] 124366866
[OK] 124362068
[OK] 124354781
[OK] 124354154
[OK] 124350466
[OK] 124350134
[OK] 124349864
[OK] 124347421
[OK] 124346531
[OK] 124302703
[OK] 124301878
[OK] 124287082
[OK] 124286708
[OK] 124286123
[OK] 124271519
[OK] 124271516
[OK] 124257257
[OK] 124257073
[OK] 124256497
[OK] 124256434
[OK] 124252485
[OK] 124248335
[OK] 124243117
[OK] 124239170
[OK] 124238011
[OK] 124234776
[OK] 124228451
[OK] 124228047
[OK] 124226964
[OK] 124226819
[OK] 124226581
[OK] 124226469
[OK] 124226274
[OK] 124225941
[OK] 124225781
[OK] 124215607
[OK] 124210064
[OK] 124209810
[OK] 124207809
[OK] 124200857
[OK] 124200720
[OK] 124191211
[OK] 124188175
[OK] 124181687
[OK] 124180182
[OK] 124179545
[OK] 124175496
[OK] 124166701
[OK] 124166534
[OK] 124166328
[OK] 124166213
[OK] 124165918
[OK] 124165677
[OK] 124165344
[OK] 124164930
[OK] 124156412
[OK] 124146059
[OK] 124145737
[OK] 124145562
[OK] 124145374
[OK] 124142415
[OK] 124136578
[OK] 124132448
[OK] 124132293
[OK] 124132161
[OK] 124132060
[OK] 124131734
[OK] 124131423
[OK] 124131281
[OK] 124131138
[OK] 124130934
[OK] 124130605
[OK] 124130294
[OK] 124125729
[OK] 124124991
[OK] 124124623
[OK] 124124237
[OK] 124123775
[OK] 124123181
[OK] 124105729
[OK] 124105231
[OK] 124104416
[OK] 124103926
[OK] 124098829
[OK] 124097911
[OK] 124096655
[OK] 124096173
[OK] 124095238
[OK] 124094817
[OK] 124092111
[OK] 124088449
[OK] 124087975
[OK] 124087708
[OK] 124084888
[OK] 124084640
[OK] 124080325
[OK] 124080290
[OK] 124071706
[OK] 124061642
[OK] 124044945
[OK] 124043459
[OK] 124040890
[OK] 124039787
[OK] 124034507
[OK] 124028743
[OK] 124017327
[OK] 124014687
[OK] 124014608
[OK] 124014107
[OK] 124013621
[OK] 124013573
[OK] 124013340
[OK] 124005027
[OK] 124001003
[OK] 124000927
[OK] 124000874
[OK] 124000715
[OK] 124000584
[OK] 124000332
[OK] 124000162
[OK] 123999997
[OK] 123999801
[OK] 123999630
[OK] 123999459
[OK] 123996272
[OK] 123992513
[OK] 123988169
[OK] 123988089
[OK] 123987961
[OK] 123987795
[OK] 123987667
[OK] 123987539
[OK] 123986971
[OK] 123983186
[OK] 123970212
[OK] 123969614
[OK] 123964719
[OK] 123960605
[OK] 123960553
[OK] 123959956
[OK] 123959031
[OK] 123927715
[OK] 123927490
[OK] 123927072
[OK] 123914960
[OK] 123914860
[OK] 123914828
[OK] 123914239
[OK] 123913960
[OK] 123913946
[OK] 123913506
[OK] 123911743
[OK] 123910126
[OK] 123902372
[OK] 123898905
[OK] 123897852
[OK] 123889405
[OK] 123889202
[OK] 123888940
[OK] 123888537
[OK] 123888154
[OK] 123875405
[OK] 123874881
[OK] 123874608
[OK] 123874254
[OK] 123871308
[OK] 123868886
[OK] 123868863
[OK] 123861880
[OK] 123861372
[OK] 123860200
[OK] 123859275
[OK] 123853052
[OK] 123842863
[OK] 123842384
[OK] 123841341
[OK] 123831398
[OK] 123824564
[OK] 123820465
[OK] 123819720
[OK] 123819333
[OK] 123818787
[OK] 123817639
[OK] 123744201
[OK] 123743075
[OK] 123742666
[OK] 123740071
[OK] 123693572
[OK] 123692911
[OK] 123692136
